<?xml version="1.0" encoding="UTF-8"?>
<testng-results ignored="0" total="1" passed="1" failed="0" skipped="0">
  <reporter-output>
  </reporter-output>
  <suite started-at="2024-11-28T13:55:36 IST" name="Suite" finished-at="2024-11-28T13:55:41 IST" duration-ms="4429">
    <groups>
    </groups>
    <test started-at="2024-11-28T13:55:36 IST" name="Test" finished-at="2024-11-28T13:55:41 IST" duration-ms="4429">
      <class name="SeleniumTest.SeleniumBasics">
        <test-method signature="Starting()[pri:0, instance:SeleniumTest.SeleniumBasics@6b26e945]" started-at="2024-11-28T13:55:36 IST" name="Starting" finished-at="2024-11-28T13:55:41 IST" duration-ms="4351" status="PASS">
          <reporter-output>
          </reporter-output>
        </test-method> <!-- Starting -->
      </class> <!-- SeleniumTest.SeleniumBasics -->
    </test> <!-- Test -->
  </suite> <!-- Suite -->
</testng-results>
